ERROR    - 2019-01-24 12:34:01,287 [gst_advance_authority.py][request_pdf]  Failed to get pdf file for: advance-authority-n-23-wbaar-2018-19-11-18.pdf
ERROR    - 2019-01-24 12:34:01,317 [gst_advance_authority.py][parser]  Failed to convert text file for: \n            23/WBAAR/2018-19 
ERROR    - 2019-01-24 12:34:03,531 [gst_advance_authority.py][request_pdf]  Failed to get pdf file for: advance-authority-n-22-wbaar-2018-19-11-18.pdf
ERROR    - 2019-01-24 12:34:03,556 [gst_advance_authority.py][parser]  Failed to convert text file for: \n            22/WBAAR/2018-19 
ERROR    - 2019-01-24 12:34:05,782 [gst_advance_authority.py][request_pdf]  Failed to get pdf file for: advance-authority-n-21-wbaar-2018-19-11-18.pdf
ERROR    - 2019-01-24 12:34:05,799 [gst_advance_authority.py][parser]  Failed to convert text file for: \n            21/WBAAR/2018-19 
ERROR    - 2019-01-24 12:34:08,048 [gst_advance_authority.py][request_pdf]  Failed to get pdf file for: advance-authority-n-20-wbaar-2018-19-11-18.pdf
ERROR    - 2019-01-24 12:34:08,076 [gst_advance_authority.py][parser]  Failed to convert text file for: \n            20/WBAAR/2018-19 
ERROR    - 2019-01-24 12:34:10,294 [gst_advance_authority.py][request_pdf]  Failed to get pdf file for: advance-authority-n-tsaar-order-no-12-2018-09-18.pdf
ERROR    - 2019-01-24 12:34:10,307 [gst_advance_authority.py][parser]  Failed to convert text file for: \n            TSAAR Order No. 12/2018 
ERROR    - 2019-01-24 12:34:12,698 [gst_advance_authority.py][request_pdf]  Failed to get pdf file for: advance-authority-n-raj-aar-2018-19-25-11-18.pdf
ERROR    - 2019-01-24 12:34:12,728 [gst_advance_authority.py][parser]  Failed to convert text file for: \n            RAJ/AAR/2018-19/25 
ERROR    - 2019-01-24 12:34:15,012 [gst_advance_authority.py][request_pdf]  Failed to get pdf file for: advance-authority-n-raj-aar-2018-19-24-11-18.pdf
ERROR    - 2019-01-24 12:34:15,040 [gst_advance_authority.py][parser]  Failed to convert text file for: \n            RAJ/AAR/2018-19/24 
ERROR    - 2019-01-24 12:34:17,611 [gst_advance_authority.py][request_pdf]  Failed to get pdf file for: advance-authority-n-raj-aar-2018-19-23-11-18.pdf
ERROR    - 2019-01-24 12:34:17,643 [gst_advance_authority.py][parser]  Failed to convert text file for: \n            RAJ/AAR/2018-19/23 
ERROR    - 2019-01-24 12:34:20,127 [gst_advance_authority.py][request_pdf]  Failed to get pdf file for: advance-authority-n-04-odisha-aar-18-19-10-18.pdf
ERROR    - 2019-01-24 12:34:20,143 [gst_advance_authority.py][parser]  Failed to convert text file for: \n            04/Odisha/AAR/18-19 
ERROR    - 2019-01-24 12:34:22,469 [gst_advance_authority.py][request_pdf]  Failed to get pdf file for: advance-authority-n-04-odisha-aar-18-19-10-18.pdf
ERROR    - 2019-01-24 12:34:22,501 [gst_advance_authority.py][parser]  Failed to convert text file for: \n            04/Odisha/AAR/18-19 
ERROR    - 2019-01-24 12:37:51,371 [gst_advance_authority.py][request_pdf]  Failed to get pdf file for: advance-authority-n-23-wbaar-2018-19-26-11-18.pdf
ERROR    - 2019-01-24 12:37:51,379 [gst_advance_authority.py][parser]  Failed to convert text file for: \n            23/WBAAR/2018-19 
ERROR    - 2019-01-24 12:37:53,681 [gst_advance_authority.py][request_pdf]  Failed to get pdf file for: advance-authority-n-22-wbaar-2018-19-26-11-18.pdf
ERROR    - 2019-01-24 12:37:53,710 [gst_advance_authority.py][parser]  Failed to convert text file for: \n            22/WBAAR/2018-19 
ERROR    - 2019-01-24 12:37:56,039 [gst_advance_authority.py][request_pdf]  Failed to get pdf file for: advance-authority-n-21-wbaar-2018-19-02-11-18.pdf
ERROR    - 2019-01-24 12:37:56,069 [gst_advance_authority.py][parser]  Failed to convert text file for: \n            21/WBAAR/2018-19 
ERROR    - 2019-01-24 12:38:00,185 [gst_advance_authority.py][request_pdf]  Failed to get pdf file for: advance-authority-n-20-wbaar-2018-19-02-11-18.pdf
ERROR    - 2019-01-24 12:38:00,198 [gst_advance_authority.py][parser]  Failed to convert text file for: \n            20/WBAAR/2018-19 
ERROR    - 2019-01-24 12:38:03,618 [gst_advance_authority.py][request_pdf]  Failed to get pdf file for: advance-authority-n-tsaar-order-no-12-2018-26-09-18.pdf
ERROR    - 2019-01-24 12:38:03,647 [gst_advance_authority.py][parser]  Failed to convert text file for: \n            TSAAR Order No. 12/2018 
ERROR    - 2019-01-24 12:38:06,077 [gst_advance_authority.py][request_pdf]  Failed to get pdf file for: advance-authority-n-raj-aar-2018-19-25-02-11-18.pdf
ERROR    - 2019-01-24 12:38:06,092 [gst_advance_authority.py][parser]  Failed to convert text file for: \n            RAJ/AAR/2018-19/25 
ERROR    - 2019-01-24 12:38:08,727 [gst_advance_authority.py][request_pdf]  Failed to get pdf file for: advance-authority-n-raj-aar-2018-19-24-02-11-18.pdf
ERROR    - 2019-01-24 12:38:08,755 [gst_advance_authority.py][parser]  Failed to convert text file for: \n            RAJ/AAR/2018-19/24 
ERROR    - 2019-01-24 12:38:11,403 [gst_advance_authority.py][request_pdf]  Failed to get pdf file for: advance-authority-n-raj-aar-2018-19-23-02-11-18.pdf
ERROR    - 2019-01-24 12:38:11,419 [gst_advance_authority.py][parser]  Failed to convert text file for: \n            RAJ/AAR/2018-19/23 
ERROR    - 2019-01-24 12:38:14,008 [gst_advance_authority.py][request_pdf]  Failed to get pdf file for: advance-authority-n-04-odisha-aar-18-19-31-10-18.pdf
ERROR    - 2019-01-24 12:38:14,022 [gst_advance_authority.py][parser]  Failed to convert text file for: \n            04/Odisha/AAR/18-19 
ERROR    - 2019-01-24 12:38:16,569 [gst_advance_authority.py][request_pdf]  Failed to get pdf file for: advance-authority-n-04-odisha-aar-18-19-31-10-18.pdf
ERROR    - 2019-01-24 12:38:16,582 [gst_advance_authority.py][parser]  Failed to convert text file for: \n            04/Odisha/AAR/18-19 
ERROR    - 2019-01-24 12:46:21,689 [gst_advance_authority.py][request_pdf]  Failed to get pdf file for: advance-authority-n-23-wbaar-2018-19-26-11-18.pdf
ERROR    - 2019-01-24 12:46:21,702 [gst_advance_authority.py][parser]  Failed to convert text file for: \n            23/WBAAR/2018-19 
ERROR    - 2019-01-24 12:46:23,997 [gst_advance_authority.py][request_pdf]  Failed to get pdf file for: advance-authority-n-22-wbaar-2018-19-26-11-18.pdf
ERROR    - 2019-01-24 12:46:24,028 [gst_advance_authority.py][parser]  Failed to convert text file for: \n            22/WBAAR/2018-19 
ERROR    - 2019-01-24 12:46:26,765 [gst_advance_authority.py][request_pdf]  Failed to get pdf file for: advance-authority-n-21-wbaar-2018-19-02-11-18.pdf
ERROR    - 2019-01-24 12:46:26,777 [gst_advance_authority.py][parser]  Failed to convert text file for: \n            21/WBAAR/2018-19 
ERROR    - 2019-01-24 12:46:29,225 [gst_advance_authority.py][request_pdf]  Failed to get pdf file for: advance-authority-n-20-wbaar-2018-19-02-11-18.pdf
ERROR    - 2019-01-24 12:46:29,246 [gst_advance_authority.py][parser]  Failed to convert text file for: \n            20/WBAAR/2018-19 
ERROR    - 2019-01-24 12:46:31,686 [gst_advance_authority.py][request_pdf]  Failed to get pdf file for: advance-authority-n-tsaar-order-no-12-2018-26-09-18.pdf
ERROR    - 2019-01-24 12:46:31,702 [gst_advance_authority.py][parser]  Failed to convert text file for: \n            TSAAR Order No. 12/2018 
ERROR    - 2019-01-24 12:46:34,072 [gst_advance_authority.py][request_pdf]  Failed to get pdf file for: advance-authority-n-raj-aar-2018-19-25-02-11-18.pdf
ERROR    - 2019-01-24 12:46:34,101 [gst_advance_authority.py][parser]  Failed to convert text file for: \n            RAJ/AAR/2018-19/25 
ERROR    - 2019-01-24 12:46:36,302 [gst_advance_authority.py][request_pdf]  Failed to get pdf file for: advance-authority-n-raj-aar-2018-19-24-02-11-18.pdf
ERROR    - 2019-01-24 12:46:36,329 [gst_advance_authority.py][parser]  Failed to convert text file for: \n            RAJ/AAR/2018-19/24 
ERROR    - 2019-01-24 12:46:38,888 [gst_advance_authority.py][request_pdf]  Failed to get pdf file for: advance-authority-n-raj-aar-2018-19-23-02-11-18.pdf
ERROR    - 2019-01-24 12:46:38,901 [gst_advance_authority.py][parser]  Failed to convert text file for: \n            RAJ/AAR/2018-19/23 
ERROR    - 2019-01-24 12:46:41,217 [gst_advance_authority.py][request_pdf]  Failed to get pdf file for: advance-authority-n-04-odisha-aar-18-19-31-10-18.pdf
ERROR    - 2019-01-24 12:46:41,242 [gst_advance_authority.py][parser]  Failed to convert text file for: \n            04/Odisha/AAR/18-19 
ERROR    - 2019-01-24 12:46:43,534 [gst_advance_authority.py][request_pdf]  Failed to get pdf file for: advance-authority-n-04-odisha-aar-18-19-31-10-18.pdf
ERROR    - 2019-01-24 12:46:43,562 [gst_advance_authority.py][parser]  Failed to convert text file for: \n            04/Odisha/AAR/18-19 
